[0.401s] DEBUG:colcon:Command line arguments: ['/usr/bin/colcon', 'build', '--packages-select', 'sc_python']
[0.401s] DEBUG:colcon:Parsed command line arguments: Namespace(log_base=None, log_level=None, verb_name='build', build_base='build', install_base='install', merge_install=False, symlink_install=False, test_result_base=None, continue_on_error=False, executor='parallel', parallel_workers=8, event_handlers=None, ignore_user_meta=False, metas=['./colcon.meta'], base_paths=['.'], packages_ignore=None, packages_ignore_regex=None, paths=None, packages_up_to=None, packages_up_to_regex=None, packages_above=None, packages_above_and_dependencies=None, packages_above_depth=None, packages_select_by_dep=None, packages_skip_by_dep=None, packages_skip_up_to=None, packages_select_build_failed=False, packages_skip_build_finished=False, packages_select_test_failures=False, packages_skip_test_passed=False, packages_select=['sc_python'], packages_skip=None, packages_select_regex=None, packages_skip_regex=None, packages_start=None, packages_end=None, allow_overriding=[], cmake_args=None, cmake_target=None, cmake_target_skip_unavailable=False, cmake_clean_cache=False, cmake_clean_first=False, cmake_force_configure=False, ament_cmake_args=None, catkin_cmake_args=None, catkin_skip_building_tests=False, mixin_files=None, mixin=None, verb_parser=<colcon_mixin.mixin.mixin_argument.MixinArgumentDecorator object at 0x7db08467f2b0>, verb_extension=<colcon_core.verb.build.BuildVerb object at 0x7db0847c0940>, main=<bound method BuildVerb.main of <colcon_core.verb.build.BuildVerb object at 0x7db0847c0940>>, mixin_verb=('build',))
[0.801s] Level 1:colcon.colcon_core.package_discovery:discover_packages(colcon_meta) check parameters
[0.801s] Level 1:colcon.colcon_core.package_discovery:discover_packages(recursive) check parameters
[0.801s] Level 1:colcon.colcon_core.package_discovery:discover_packages(ignore) check parameters
[0.801s] Level 1:colcon.colcon_core.package_discovery:discover_packages(path) check parameters
[0.801s] Level 1:colcon.colcon_core.package_discovery:discover_packages(colcon_meta) discover
[0.801s] Level 1:colcon.colcon_core.package_discovery:discover_packages(recursive) discover
[0.801s] INFO:colcon.colcon_core.package_discovery:Crawling recursively for packages in '/home/hsc/smart_cart_ws'
[0.802s] Level 1:colcon.colcon_core.package_identification:_identify(.) by extensions ['ignore', 'ignore_ament_install']
[0.802s] Level 1:colcon.colcon_core.package_identification:_identify(.) by extension 'ignore'
[0.802s] Level 1:colcon.colcon_core.package_identification:_identify(.) by extension 'ignore_ament_install'
[0.802s] Level 1:colcon.colcon_core.package_identification:_identify(.) by extensions ['colcon_pkg']
[0.802s] Level 1:colcon.colcon_core.package_identification:_identify(.) by extension 'colcon_pkg'
[0.802s] Level 1:colcon.colcon_core.package_identification:_identify(.) by extensions ['colcon_meta']
[0.802s] Level 1:colcon.colcon_core.package_identification:_identify(.) by extension 'colcon_meta'
[0.802s] Level 1:colcon.colcon_core.package_identification:_identify(.) by extensions ['ros']
[0.802s] Level 1:colcon.colcon_core.package_identification:_identify(.) by extension 'ros'
[0.844s] Level 1:colcon.colcon_core.package_identification:_identify(.) by extensions ['cmake', 'python']
[0.845s] Level 1:colcon.colcon_core.package_identification:_identify(.) by extension 'cmake'
[0.845s] Level 1:colcon.colcon_core.package_identification:_identify(.) by extension 'python'
[0.845s] Level 1:colcon.colcon_core.package_identification:_identify(.) by extensions ['python_setup_py']
[0.845s] Level 1:colcon.colcon_core.package_identification:_identify(.) by extension 'python_setup_py'
[0.845s] Level 1:colcon.colcon_core.package_identification:_identify(build) by extensions ['ignore', 'ignore_ament_install']
[0.845s] Level 1:colcon.colcon_core.package_identification:_identify(build) by extension 'ignore'
[0.845s] Level 1:colcon.colcon_core.package_identification:_identify(build) ignored
[0.845s] Level 1:colcon.colcon_core.package_identification:_identify(install) by extensions ['ignore', 'ignore_ament_install']
[0.845s] Level 1:colcon.colcon_core.package_identification:_identify(install) by extension 'ignore'
[0.845s] Level 1:colcon.colcon_core.package_identification:_identify(install) ignored
[0.845s] Level 1:colcon.colcon_core.package_identification:_identify(log) by extensions ['ignore', 'ignore_ament_install']
[0.845s] Level 1:colcon.colcon_core.package_identification:_identify(log) by extension 'ignore'
[0.845s] Level 1:colcon.colcon_core.package_identification:_identify(log) ignored
[0.846s] Level 1:colcon.colcon_core.package_identification:_identify(smart_cart_ws) by extensions ['ignore', 'ignore_ament_install']
[0.846s] Level 1:colcon.colcon_core.package_identification:_identify(smart_cart_ws) by extension 'ignore'
[0.846s] Level 1:colcon.colcon_core.package_identification:_identify(smart_cart_ws) by extension 'ignore_ament_install'
[0.846s] Level 1:colcon.colcon_core.package_identification:_identify(smart_cart_ws) by extensions ['colcon_pkg']
[0.846s] Level 1:colcon.colcon_core.package_identification:_identify(smart_cart_ws) by extension 'colcon_pkg'
[0.846s] Level 1:colcon.colcon_core.package_identification:_identify(smart_cart_ws) by extensions ['colcon_meta']
[0.846s] Level 1:colcon.colcon_core.package_identification:_identify(smart_cart_ws) by extension 'colcon_meta'
[0.846s] Level 1:colcon.colcon_core.package_identification:_identify(smart_cart_ws) by extensions ['ros']
[0.846s] Level 1:colcon.colcon_core.package_identification:_identify(smart_cart_ws) by extension 'ros'
[0.846s] Level 1:colcon.colcon_core.package_identification:_identify(smart_cart_ws) by extensions ['cmake', 'python']
[0.846s] Level 1:colcon.colcon_core.package_identification:_identify(smart_cart_ws) by extension 'cmake'
[0.846s] Level 1:colcon.colcon_core.package_identification:_identify(smart_cart_ws) by extension 'python'
[0.846s] Level 1:colcon.colcon_core.package_identification:_identify(smart_cart_ws) by extensions ['python_setup_py']
[0.846s] Level 1:colcon.colcon_core.package_identification:_identify(smart_cart_ws) by extension 'python_setup_py'
[0.846s] Level 1:colcon.colcon_core.package_identification:_identify(smart_cart_ws/build) by extensions ['ignore', 'ignore_ament_install']
[0.846s] Level 1:colcon.colcon_core.package_identification:_identify(smart_cart_ws/build) by extension 'ignore'
[0.847s] Level 1:colcon.colcon_core.package_identification:_identify(smart_cart_ws/build) ignored
[0.847s] Level 1:colcon.colcon_core.package_identification:_identify(smart_cart_ws/docs) by extensions ['ignore', 'ignore_ament_install']
[0.847s] Level 1:colcon.colcon_core.package_identification:_identify(smart_cart_ws/docs) by extension 'ignore'
[0.847s] Level 1:colcon.colcon_core.package_identification:_identify(smart_cart_ws/docs) by extension 'ignore_ament_install'
[0.847s] Level 1:colcon.colcon_core.package_identification:_identify(smart_cart_ws/docs) by extensions ['colcon_pkg']
[0.847s] Level 1:colcon.colcon_core.package_identification:_identify(smart_cart_ws/docs) by extension 'colcon_pkg'
[0.847s] Level 1:colcon.colcon_core.package_identification:_identify(smart_cart_ws/docs) by extensions ['colcon_meta']
[0.847s] Level 1:colcon.colcon_core.package_identification:_identify(smart_cart_ws/docs) by extension 'colcon_meta'
[0.847s] Level 1:colcon.colcon_core.package_identification:_identify(smart_cart_ws/docs) by extensions ['ros']
[0.847s] Level 1:colcon.colcon_core.package_identification:_identify(smart_cart_ws/docs) by extension 'ros'
[0.847s] Level 1:colcon.colcon_core.package_identification:_identify(smart_cart_ws/docs) by extensions ['cmake', 'python']
[0.847s] Level 1:colcon.colcon_core.package_identification:_identify(smart_cart_ws/docs) by extension 'cmake'
[0.847s] Level 1:colcon.colcon_core.package_identification:_identify(smart_cart_ws/docs) by extension 'python'
[0.847s] Level 1:colcon.colcon_core.package_identification:_identify(smart_cart_ws/docs) by extensions ['python_setup_py']
[0.847s] Level 1:colcon.colcon_core.package_identification:_identify(smart_cart_ws/docs) by extension 'python_setup_py'
[0.847s] Level 1:colcon.colcon_core.package_identification:_identify(smart_cart_ws/docs/smart_cart_ws) by extensions ['ignore', 'ignore_ament_install']
[0.848s] Level 1:colcon.colcon_core.package_identification:_identify(smart_cart_ws/docs/smart_cart_ws) by extension 'ignore'
[0.848s] Level 1:colcon.colcon_core.package_identification:_identify(smart_cart_ws/docs/smart_cart_ws) by extension 'ignore_ament_install'
[0.848s] Level 1:colcon.colcon_core.package_identification:_identify(smart_cart_ws/docs/smart_cart_ws) by extensions ['colcon_pkg']
[0.848s] Level 1:colcon.colcon_core.package_identification:_identify(smart_cart_ws/docs/smart_cart_ws) by extension 'colcon_pkg'
[0.848s] Level 1:colcon.colcon_core.package_identification:_identify(smart_cart_ws/docs/smart_cart_ws) by extensions ['colcon_meta']
[0.848s] Level 1:colcon.colcon_core.package_identification:_identify(smart_cart_ws/docs/smart_cart_ws) by extension 'colcon_meta'
[0.848s] Level 1:colcon.colcon_core.package_identification:_identify(smart_cart_ws/docs/smart_cart_ws) by extensions ['ros']
[0.848s] Level 1:colcon.colcon_core.package_identification:_identify(smart_cart_ws/docs/smart_cart_ws) by extension 'ros'
[0.848s] Level 1:colcon.colcon_core.package_identification:_identify(smart_cart_ws/docs/smart_cart_ws) by extensions ['cmake', 'python']
[0.848s] Level 1:colcon.colcon_core.package_identification:_identify(smart_cart_ws/docs/smart_cart_ws) by extension 'cmake'
[0.848s] Level 1:colcon.colcon_core.package_identification:_identify(smart_cart_ws/docs/smart_cart_ws) by extension 'python'
[0.848s] Level 1:colcon.colcon_core.package_identification:_identify(smart_cart_ws/docs/smart_cart_ws) by extensions ['python_setup_py']
[0.848s] Level 1:colcon.colcon_core.package_identification:_identify(smart_cart_ws/docs/smart_cart_ws) by extension 'python_setup_py'
[0.848s] Level 1:colcon.colcon_core.package_identification:_identify(smart_cart_ws/docs/smart_cart_ws/docs) by extensions ['ignore', 'ignore_ament_install']
[0.848s] Level 1:colcon.colcon_core.package_identification:_identify(smart_cart_ws/docs/smart_cart_ws/docs) by extension 'ignore'
[0.849s] Level 1:colcon.colcon_core.package_identification:_identify(smart_cart_ws/docs/smart_cart_ws/docs) by extension 'ignore_ament_install'
[0.849s] Level 1:colcon.colcon_core.package_identification:_identify(smart_cart_ws/docs/smart_cart_ws/docs) by extensions ['colcon_pkg']
[0.849s] Level 1:colcon.colcon_core.package_identification:_identify(smart_cart_ws/docs/smart_cart_ws/docs) by extension 'colcon_pkg'
[0.849s] Level 1:colcon.colcon_core.package_identification:_identify(smart_cart_ws/docs/smart_cart_ws/docs) by extensions ['colcon_meta']
[0.849s] Level 1:colcon.colcon_core.package_identification:_identify(smart_cart_ws/docs/smart_cart_ws/docs) by extension 'colcon_meta'
[0.849s] Level 1:colcon.colcon_core.package_identification:_identify(smart_cart_ws/docs/smart_cart_ws/docs) by extensions ['ros']
[0.849s] Level 1:colcon.colcon_core.package_identification:_identify(smart_cart_ws/docs/smart_cart_ws/docs) by extension 'ros'
[0.849s] Level 1:colcon.colcon_core.package_identification:_identify(smart_cart_ws/docs/smart_cart_ws/docs) by extensions ['cmake', 'python']
[0.849s] Level 1:colcon.colcon_core.package_identification:_identify(smart_cart_ws/docs/smart_cart_ws/docs) by extension 'cmake'
[0.849s] Level 1:colcon.colcon_core.package_identification:_identify(smart_cart_ws/docs/smart_cart_ws/docs) by extension 'python'
[0.849s] Level 1:colcon.colcon_core.package_identification:_identify(smart_cart_ws/docs/smart_cart_ws/docs) by extensions ['python_setup_py']
[0.849s] Level 1:colcon.colcon_core.package_identification:_identify(smart_cart_ws/docs/smart_cart_ws/docs) by extension 'python_setup_py'
[0.849s] Level 1:colcon.colcon_core.package_identification:_identify(smart_cart_ws/firmware) by extensions ['ignore', 'ignore_ament_install']
[0.849s] Level 1:colcon.colcon_core.package_identification:_identify(smart_cart_ws/firmware) by extension 'ignore'
[0.849s] Level 1:colcon.colcon_core.package_identification:_identify(smart_cart_ws/firmware) by extension 'ignore_ament_install'
[0.850s] Level 1:colcon.colcon_core.package_identification:_identify(smart_cart_ws/firmware) by extensions ['colcon_pkg']
[0.850s] Level 1:colcon.colcon_core.package_identification:_identify(smart_cart_ws/firmware) by extension 'colcon_pkg'
[0.850s] Level 1:colcon.colcon_core.package_identification:_identify(smart_cart_ws/firmware) by extensions ['colcon_meta']
[0.850s] Level 1:colcon.colcon_core.package_identification:_identify(smart_cart_ws/firmware) by extension 'colcon_meta'
[0.850s] Level 1:colcon.colcon_core.package_identification:_identify(smart_cart_ws/firmware) by extensions ['ros']
[0.850s] Level 1:colcon.colcon_core.package_identification:_identify(smart_cart_ws/firmware) by extension 'ros'
[0.850s] Level 1:colcon.colcon_core.package_identification:_identify(smart_cart_ws/firmware) by extensions ['cmake', 'python']
[0.850s] Level 1:colcon.colcon_core.package_identification:_identify(smart_cart_ws/firmware) by extension 'cmake'
[0.850s] Level 1:colcon.colcon_core.package_identification:_identify(smart_cart_ws/firmware) by extension 'python'
[0.850s] Level 1:colcon.colcon_core.package_identification:_identify(smart_cart_ws/firmware) by extensions ['python_setup_py']
[0.850s] Level 1:colcon.colcon_core.package_identification:_identify(smart_cart_ws/firmware) by extension 'python_setup_py'
[0.850s] Level 1:colcon.colcon_core.package_identification:_identify(smart_cart_ws/firmware/opencr_servo) by extensions ['ignore', 'ignore_ament_install']
[0.850s] Level 1:colcon.colcon_core.package_identification:_identify(smart_cart_ws/firmware/opencr_servo) by extension 'ignore'
[0.850s] Level 1:colcon.colcon_core.package_identification:_identify(smart_cart_ws/firmware/opencr_servo) by extension 'ignore_ament_install'
[0.851s] Level 1:colcon.colcon_core.package_identification:_identify(smart_cart_ws/firmware/opencr_servo) by extensions ['colcon_pkg']
[0.851s] Level 1:colcon.colcon_core.package_identification:_identify(smart_cart_ws/firmware/opencr_servo) by extension 'colcon_pkg'
[0.851s] Level 1:colcon.colcon_core.package_identification:_identify(smart_cart_ws/firmware/opencr_servo) by extensions ['colcon_meta']
[0.851s] Level 1:colcon.colcon_core.package_identification:_identify(smart_cart_ws/firmware/opencr_servo) by extension 'colcon_meta'
[0.851s] Level 1:colcon.colcon_core.package_identification:_identify(smart_cart_ws/firmware/opencr_servo) by extensions ['ros']
[0.851s] Level 1:colcon.colcon_core.package_identification:_identify(smart_cart_ws/firmware/opencr_servo) by extension 'ros'
[0.851s] Level 1:colcon.colcon_core.package_identification:_identify(smart_cart_ws/firmware/opencr_servo) by extensions ['cmake', 'python']
[0.851s] Level 1:colcon.colcon_core.package_identification:_identify(smart_cart_ws/firmware/opencr_servo) by extension 'cmake'
[0.851s] Level 1:colcon.colcon_core.package_identification:_identify(smart_cart_ws/firmware/opencr_servo) by extension 'python'
[0.851s] Level 1:colcon.colcon_core.package_identification:_identify(smart_cart_ws/firmware/opencr_servo) by extensions ['python_setup_py']
[0.851s] Level 1:colcon.colcon_core.package_identification:_identify(smart_cart_ws/firmware/opencr_servo) by extension 'python_setup_py'
[0.851s] Level 1:colcon.colcon_core.package_identification:_identify(smart_cart_ws/firmware/opencr_servo/include) by extensions ['ignore', 'ignore_ament_install']
[0.851s] Level 1:colcon.colcon_core.package_identification:_identify(smart_cart_ws/firmware/opencr_servo/include) by extension 'ignore'
[0.851s] Level 1:colcon.colcon_core.package_identification:_identify(smart_cart_ws/firmware/opencr_servo/include) by extension 'ignore_ament_install'
[0.851s] Level 1:colcon.colcon_core.package_identification:_identify(smart_cart_ws/firmware/opencr_servo/include) by extensions ['colcon_pkg']
[0.852s] Level 1:colcon.colcon_core.package_identification:_identify(smart_cart_ws/firmware/opencr_servo/include) by extension 'colcon_pkg'
[0.852s] Level 1:colcon.colcon_core.package_identification:_identify(smart_cart_ws/firmware/opencr_servo/include) by extensions ['colcon_meta']
[0.852s] Level 1:colcon.colcon_core.package_identification:_identify(smart_cart_ws/firmware/opencr_servo/include) by extension 'colcon_meta'
[0.852s] Level 1:colcon.colcon_core.package_identification:_identify(smart_cart_ws/firmware/opencr_servo/include) by extensions ['ros']
[0.852s] Level 1:colcon.colcon_core.package_identification:_identify(smart_cart_ws/firmware/opencr_servo/include) by extension 'ros'
[0.852s] Level 1:colcon.colcon_core.package_identification:_identify(smart_cart_ws/firmware/opencr_servo/include) by extensions ['cmake', 'python']
[0.852s] Level 1:colcon.colcon_core.package_identification:_identify(smart_cart_ws/firmware/opencr_servo/include) by extension 'cmake'
[0.852s] Level 1:colcon.colcon_core.package_identification:_identify(smart_cart_ws/firmware/opencr_servo/include) by extension 'python'
[0.852s] Level 1:colcon.colcon_core.package_identification:_identify(smart_cart_ws/firmware/opencr_servo/include) by extensions ['python_setup_py']
[0.852s] Level 1:colcon.colcon_core.package_identification:_identify(smart_cart_ws/firmware/opencr_servo/include) by extension 'python_setup_py'
[0.852s] Level 1:colcon.colcon_core.package_identification:_identify(smart_cart_ws/firmware/opencr_servo/src) by extensions ['ignore', 'ignore_ament_install']
[0.852s] Level 1:colcon.colcon_core.package_identification:_identify(smart_cart_ws/firmware/opencr_servo/src) by extension 'ignore'
[0.852s] Level 1:colcon.colcon_core.package_identification:_identify(smart_cart_ws/firmware/opencr_servo/src) by extension 'ignore_ament_install'
[0.852s] Level 1:colcon.colcon_core.package_identification:_identify(smart_cart_ws/firmware/opencr_servo/src) by extensions ['colcon_pkg']
[0.852s] Level 1:colcon.colcon_core.package_identification:_identify(smart_cart_ws/firmware/opencr_servo/src) by extension 'colcon_pkg'
[0.852s] Level 1:colcon.colcon_core.package_identification:_identify(smart_cart_ws/firmware/opencr_servo/src) by extensions ['colcon_meta']
[0.853s] Level 1:colcon.colcon_core.package_identification:_identify(smart_cart_ws/firmware/opencr_servo/src) by extension 'colcon_meta'
[0.853s] Level 1:colcon.colcon_core.package_identification:_identify(smart_cart_ws/firmware/opencr_servo/src) by extensions ['ros']
[0.853s] Level 1:colcon.colcon_core.package_identification:_identify(smart_cart_ws/firmware/opencr_servo/src) by extension 'ros'
[0.853s] Level 1:colcon.colcon_core.package_identification:_identify(smart_cart_ws/firmware/opencr_servo/src) by extensions ['cmake', 'python']
[0.853s] Level 1:colcon.colcon_core.package_identification:_identify(smart_cart_ws/firmware/opencr_servo/src) by extension 'cmake'
[0.853s] Level 1:colcon.colcon_core.package_identification:_identify(smart_cart_ws/firmware/opencr_servo/src) by extension 'python'
[0.853s] Level 1:colcon.colcon_core.package_identification:_identify(smart_cart_ws/firmware/opencr_servo/src) by extensions ['python_setup_py']
[0.853s] Level 1:colcon.colcon_core.package_identification:_identify(smart_cart_ws/firmware/opencr_servo/src) by extension 'python_setup_py'
[0.853s] Level 1:colcon.colcon_core.package_identification:_identify(smart_cart_ws/install) by extensions ['ignore', 'ignore_ament_install']
[0.853s] Level 1:colcon.colcon_core.package_identification:_identify(smart_cart_ws/install) by extension 'ignore'
[0.853s] Level 1:colcon.colcon_core.package_identification:_identify(smart_cart_ws/install) ignored
[0.853s] Level 1:colcon.colcon_core.package_identification:_identify(smart_cart_ws/log) by extensions ['ignore', 'ignore_ament_install']
[0.853s] Level 1:colcon.colcon_core.package_identification:_identify(smart_cart_ws/log) by extension 'ignore'
[0.853s] Level 1:colcon.colcon_core.package_identification:_identify(smart_cart_ws/log) ignored
[0.854s] Level 1:colcon.colcon_core.package_identification:_identify(smart_cart_ws/src) by extensions ['ignore', 'ignore_ament_install']
[0.854s] Level 1:colcon.colcon_core.package_identification:_identify(smart_cart_ws/src) by extension 'ignore'
[0.854s] Level 1:colcon.colcon_core.package_identification:_identify(smart_cart_ws/src) by extension 'ignore_ament_install'
[0.854s] Level 1:colcon.colcon_core.package_identification:_identify(smart_cart_ws/src) by extensions ['colcon_pkg']
[0.854s] Level 1:colcon.colcon_core.package_identification:_identify(smart_cart_ws/src) by extension 'colcon_pkg'
[0.854s] Level 1:colcon.colcon_core.package_identification:_identify(smart_cart_ws/src) by extensions ['colcon_meta']
[0.854s] Level 1:colcon.colcon_core.package_identification:_identify(smart_cart_ws/src) by extension 'colcon_meta'
[0.854s] Level 1:colcon.colcon_core.package_identification:_identify(smart_cart_ws/src) by extensions ['ros']
[0.854s] Level 1:colcon.colcon_core.package_identification:_identify(smart_cart_ws/src) by extension 'ros'
[0.854s] Level 1:colcon.colcon_core.package_identification:_identify(smart_cart_ws/src) by extensions ['cmake', 'python']
[0.854s] Level 1:colcon.colcon_core.package_identification:_identify(smart_cart_ws/src) by extension 'cmake'
[0.854s] Level 1:colcon.colcon_core.package_identification:_identify(smart_cart_ws/src) by extension 'python'
[0.854s] Level 1:colcon.colcon_core.package_identification:_identify(smart_cart_ws/src) by extensions ['python_setup_py']
[0.854s] Level 1:colcon.colcon_core.package_identification:_identify(smart_cart_ws/src) by extension 'python_setup_py'
[0.854s] Level 1:colcon.colcon_core.package_identification:_identify(smart_cart_ws/src/sc_bringup) by extensions ['ignore', 'ignore_ament_install']
[0.855s] Level 1:colcon.colcon_core.package_identification:_identify(smart_cart_ws/src/sc_bringup) by extension 'ignore'
[0.855s] Level 1:colcon.colcon_core.package_identification:_identify(smart_cart_ws/src/sc_bringup) by extension 'ignore_ament_install'
[0.855s] Level 1:colcon.colcon_core.package_identification:_identify(smart_cart_ws/src/sc_bringup) by extensions ['colcon_pkg']
[0.855s] Level 1:colcon.colcon_core.package_identification:_identify(smart_cart_ws/src/sc_bringup) by extension 'colcon_pkg'
[0.855s] Level 1:colcon.colcon_core.package_identification:_identify(smart_cart_ws/src/sc_bringup) by extensions ['colcon_meta']
[0.855s] Level 1:colcon.colcon_core.package_identification:_identify(smart_cart_ws/src/sc_bringup) by extension 'colcon_meta'
[0.855s] Level 1:colcon.colcon_core.package_identification:_identify(smart_cart_ws/src/sc_bringup) by extensions ['ros']
[0.855s] Level 1:colcon.colcon_core.package_identification:_identify(smart_cart_ws/src/sc_bringup) by extension 'ros'
[0.858s] DEBUG:colcon.colcon_core.package_identification:Package 'smart_cart_ws/src/sc_bringup' with type 'ros.ament_cmake' and name 'sc_bringup'
[0.858s] Level 1:colcon.colcon_core.package_identification:_identify(smart_cart_ws/src/sc_cpp) by extensions ['ignore', 'ignore_ament_install']
[0.858s] Level 1:colcon.colcon_core.package_identification:_identify(smart_cart_ws/src/sc_cpp) by extension 'ignore'
[0.859s] Level 1:colcon.colcon_core.package_identification:_identify(smart_cart_ws/src/sc_cpp) by extension 'ignore_ament_install'
[0.859s] Level 1:colcon.colcon_core.package_identification:_identify(smart_cart_ws/src/sc_cpp) by extensions ['colcon_pkg']
[0.859s] Level 1:colcon.colcon_core.package_identification:_identify(smart_cart_ws/src/sc_cpp) by extension 'colcon_pkg'
[0.859s] Level 1:colcon.colcon_core.package_identification:_identify(smart_cart_ws/src/sc_cpp) by extensions ['colcon_meta']
[0.859s] Level 1:colcon.colcon_core.package_identification:_identify(smart_cart_ws/src/sc_cpp) by extension 'colcon_meta'
[0.859s] Level 1:colcon.colcon_core.package_identification:_identify(smart_cart_ws/src/sc_cpp) by extensions ['ros']
[0.859s] Level 1:colcon.colcon_core.package_identification:_identify(smart_cart_ws/src/sc_cpp) by extension 'ros'
[0.860s] DEBUG:colcon.colcon_core.package_identification:Package 'smart_cart_ws/src/sc_cpp' with type 'ros.ament_cmake' and name 'sc_cpp'
[0.860s] Level 1:colcon.colcon_core.package_identification:_identify(smart_cart_ws/src/sc_gui) by extensions ['ignore', 'ignore_ament_install']
[0.860s] Level 1:colcon.colcon_core.package_identification:_identify(smart_cart_ws/src/sc_gui) by extension 'ignore'
[0.860s] Level 1:colcon.colcon_core.package_identification:_identify(smart_cart_ws/src/sc_gui) by extension 'ignore_ament_install'
[0.860s] Level 1:colcon.colcon_core.package_identification:_identify(smart_cart_ws/src/sc_gui) by extensions ['colcon_pkg']
[0.861s] Level 1:colcon.colcon_core.package_identification:_identify(smart_cart_ws/src/sc_gui) by extension 'colcon_pkg'
[0.861s] Level 1:colcon.colcon_core.package_identification:_identify(smart_cart_ws/src/sc_gui) by extensions ['colcon_meta']
[0.861s] Level 1:colcon.colcon_core.package_identification:_identify(smart_cart_ws/src/sc_gui) by extension 'colcon_meta'
[0.861s] Level 1:colcon.colcon_core.package_identification:_identify(smart_cart_ws/src/sc_gui) by extensions ['ros']
[0.861s] Level 1:colcon.colcon_core.package_identification:_identify(smart_cart_ws/src/sc_gui) by extension 'ros'
[0.862s] DEBUG:colcon.colcon_core.package_identification:Package 'smart_cart_ws/src/sc_gui' with type 'ros.ament_python' and name 'sc_gui'
[0.862s] Level 1:colcon.colcon_core.package_identification:_identify(smart_cart_ws/src/sc_interfaces) by extensions ['ignore', 'ignore_ament_install']
[0.862s] Level 1:colcon.colcon_core.package_identification:_identify(smart_cart_ws/src/sc_interfaces) by extension 'ignore'
[0.862s] Level 1:colcon.colcon_core.package_identification:_identify(smart_cart_ws/src/sc_interfaces) by extension 'ignore_ament_install'
[0.862s] Level 1:colcon.colcon_core.package_identification:_identify(smart_cart_ws/src/sc_interfaces) by extensions ['colcon_pkg']
[0.862s] Level 1:colcon.colcon_core.package_identification:_identify(smart_cart_ws/src/sc_interfaces) by extension 'colcon_pkg'
[0.862s] Level 1:colcon.colcon_core.package_identification:_identify(smart_cart_ws/src/sc_interfaces) by extensions ['colcon_meta']
[0.862s] Level 1:colcon.colcon_core.package_identification:_identify(smart_cart_ws/src/sc_interfaces) by extension 'colcon_meta'
[0.862s] Level 1:colcon.colcon_core.package_identification:_identify(smart_cart_ws/src/sc_interfaces) by extensions ['ros']
[0.862s] Level 1:colcon.colcon_core.package_identification:_identify(smart_cart_ws/src/sc_interfaces) by extension 'ros'
[0.863s] DEBUG:colcon.colcon_core.package_identification:Package 'smart_cart_ws/src/sc_interfaces' with type 'ros.ament_cmake' and name 'sc_interfaces'
[0.863s] Level 1:colcon.colcon_core.package_identification:_identify(smart_cart_ws/src/sc_python) by extensions ['ignore', 'ignore_ament_install']
[0.863s] Level 1:colcon.colcon_core.package_identification:_identify(smart_cart_ws/src/sc_python) by extension 'ignore'
[0.863s] Level 1:colcon.colcon_core.package_identification:_identify(smart_cart_ws/src/sc_python) by extension 'ignore_ament_install'
[0.863s] Level 1:colcon.colcon_core.package_identification:_identify(smart_cart_ws/src/sc_python) by extensions ['colcon_pkg']
[0.863s] Level 1:colcon.colcon_core.package_identification:_identify(smart_cart_ws/src/sc_python) by extension 'colcon_pkg'
[0.864s] Level 1:colcon.colcon_core.package_identification:_identify(smart_cart_ws/src/sc_python) by extensions ['colcon_meta']
[0.864s] Level 1:colcon.colcon_core.package_identification:_identify(smart_cart_ws/src/sc_python) by extension 'colcon_meta'
[0.864s] Level 1:colcon.colcon_core.package_identification:_identify(smart_cart_ws/src/sc_python) by extensions ['ros']
[0.864s] Level 1:colcon.colcon_core.package_identification:_identify(smart_cart_ws/src/sc_python) by extension 'ros'
[0.865s] DEBUG:colcon.colcon_core.package_identification:Package 'smart_cart_ws/src/sc_python' with type 'ros.ament_python' and name 'sc_python'
[0.865s] Level 1:colcon.colcon_core.package_identification:_identify(src) by extensions ['ignore', 'ignore_ament_install']
[0.865s] Level 1:colcon.colcon_core.package_identification:_identify(src) by extension 'ignore'
[0.865s] Level 1:colcon.colcon_core.package_identification:_identify(src) by extension 'ignore_ament_install'
[0.865s] Level 1:colcon.colcon_core.package_identification:_identify(src) by extensions ['colcon_pkg']
[0.865s] Level 1:colcon.colcon_core.package_identification:_identify(src) by extension 'colcon_pkg'
[0.865s] Level 1:colcon.colcon_core.package_identification:_identify(src) by extensions ['colcon_meta']
[0.865s] Level 1:colcon.colcon_core.package_identification:_identify(src) by extension 'colcon_meta'
[0.865s] Level 1:colcon.colcon_core.package_identification:_identify(src) by extensions ['ros']
[0.865s] Level 1:colcon.colcon_core.package_identification:_identify(src) by extension 'ros'
[0.865s] Level 1:colcon.colcon_core.package_identification:_identify(src) by extensions ['cmake', 'python']
[0.865s] Level 1:colcon.colcon_core.package_identification:_identify(src) by extension 'cmake'
[0.866s] Level 1:colcon.colcon_core.package_identification:_identify(src) by extension 'python'
[0.866s] Level 1:colcon.colcon_core.package_identification:_identify(src) by extensions ['python_setup_py']
[0.866s] Level 1:colcon.colcon_core.package_identification:_identify(src) by extension 'python_setup_py'
[0.866s] Level 1:colcon.colcon_core.package_identification:_identify(src/sc_python) by extensions ['ignore', 'ignore_ament_install']
[0.866s] Level 1:colcon.colcon_core.package_identification:_identify(src/sc_python) by extension 'ignore'
[0.866s] Level 1:colcon.colcon_core.package_identification:_identify(src/sc_python) by extension 'ignore_ament_install'
[0.866s] Level 1:colcon.colcon_core.package_identification:_identify(src/sc_python) by extensions ['colcon_pkg']
[0.866s] Level 1:colcon.colcon_core.package_identification:_identify(src/sc_python) by extension 'colcon_pkg'
[0.866s] Level 1:colcon.colcon_core.package_identification:_identify(src/sc_python) by extensions ['colcon_meta']
[0.866s] Level 1:colcon.colcon_core.package_identification:_identify(src/sc_python) by extension 'colcon_meta'
[0.866s] Level 1:colcon.colcon_core.package_identification:_identify(src/sc_python) by extensions ['ros']
[0.866s] Level 1:colcon.colcon_core.package_identification:_identify(src/sc_python) by extension 'ros'
[0.866s] Level 1:colcon.colcon_core.package_identification:_identify(src/sc_python) by extensions ['cmake', 'python']
[0.866s] Level 1:colcon.colcon_core.package_identification:_identify(src/sc_python) by extension 'cmake'
[0.866s] Level 1:colcon.colcon_core.package_identification:_identify(src/sc_python) by extension 'python'
[0.866s] Level 1:colcon.colcon_core.package_identification:_identify(src/sc_python) by extensions ['python_setup_py']
[0.866s] Level 1:colcon.colcon_core.package_identification:_identify(src/sc_python) by extension 'python_setup_py'
[0.867s] Level 1:colcon.colcon_core.package_identification:_identify(src/sc_python/sc_python) by extensions ['ignore', 'ignore_ament_install']
[0.867s] Level 1:colcon.colcon_core.package_identification:_identify(src/sc_python/sc_python) by extension 'ignore'
[0.867s] Level 1:colcon.colcon_core.package_identification:_identify(src/sc_python/sc_python) by extension 'ignore_ament_install'
[0.867s] Level 1:colcon.colcon_core.package_identification:_identify(src/sc_python/sc_python) by extensions ['colcon_pkg']
[0.867s] Level 1:colcon.colcon_core.package_identification:_identify(src/sc_python/sc_python) by extension 'colcon_pkg'
[0.867s] Level 1:colcon.colcon_core.package_identification:_identify(src/sc_python/sc_python) by extensions ['colcon_meta']
[0.867s] Level 1:colcon.colcon_core.package_identification:_identify(src/sc_python/sc_python) by extension 'colcon_meta'
[0.867s] Level 1:colcon.colcon_core.package_identification:_identify(src/sc_python/sc_python) by extensions ['ros']
[0.867s] Level 1:colcon.colcon_core.package_identification:_identify(src/sc_python/sc_python) by extension 'ros'
[0.867s] Level 1:colcon.colcon_core.package_identification:_identify(src/sc_python/sc_python) by extensions ['cmake', 'python']
[0.867s] Level 1:colcon.colcon_core.package_identification:_identify(src/sc_python/sc_python) by extension 'cmake'
[0.867s] Level 1:colcon.colcon_core.package_identification:_identify(src/sc_python/sc_python) by extension 'python'
[0.867s] Level 1:colcon.colcon_core.package_identification:_identify(src/sc_python/sc_python) by extensions ['python_setup_py']
[0.867s] Level 1:colcon.colcon_core.package_identification:_identify(src/sc_python/sc_python) by extension 'python_setup_py'
[0.867s] Level 1:colcon.colcon_core.package_identification:_identify(src/sc_python/sc_python/models) by extensions ['ignore', 'ignore_ament_install']
[0.868s] Level 1:colcon.colcon_core.package_identification:_identify(src/sc_python/sc_python/models) by extension 'ignore'
[0.868s] Level 1:colcon.colcon_core.package_identification:_identify(src/sc_python/sc_python/models) by extension 'ignore_ament_install'
[0.868s] Level 1:colcon.colcon_core.package_identification:_identify(src/sc_python/sc_python/models) by extensions ['colcon_pkg']
[0.868s] Level 1:colcon.colcon_core.package_identification:_identify(src/sc_python/sc_python/models) by extension 'colcon_pkg'
[0.868s] Level 1:colcon.colcon_core.package_identification:_identify(src/sc_python/sc_python/models) by extensions ['colcon_meta']
[0.868s] Level 1:colcon.colcon_core.package_identification:_identify(src/sc_python/sc_python/models) by extension 'colcon_meta'
[0.868s] Level 1:colcon.colcon_core.package_identification:_identify(src/sc_python/sc_python/models) by extensions ['ros']
[0.868s] Level 1:colcon.colcon_core.package_identification:_identify(src/sc_python/sc_python/models) by extension 'ros'
[0.868s] Level 1:colcon.colcon_core.package_identification:_identify(src/sc_python/sc_python/models) by extensions ['cmake', 'python']
[0.868s] Level 1:colcon.colcon_core.package_identification:_identify(src/sc_python/sc_python/models) by extension 'cmake'
[0.868s] Level 1:colcon.colcon_core.package_identification:_identify(src/sc_python/sc_python/models) by extension 'python'
[0.868s] Level 1:colcon.colcon_core.package_identification:_identify(src/sc_python/sc_python/models) by extensions ['python_setup_py']
[0.868s] Level 1:colcon.colcon_core.package_identification:_identify(src/sc_python/sc_python/models) by extension 'python_setup_py'
[0.868s] Level 1:colcon.colcon_core.package_discovery:discover_packages(recursive) using defaults
[0.868s] Level 1:colcon.colcon_core.package_discovery:discover_packages(ignore) discover
[0.868s] Level 1:colcon.colcon_core.package_discovery:discover_packages(ignore) using defaults
[0.868s] Level 1:colcon.colcon_core.package_discovery:discover_packages(path) discover
[0.868s] Level 1:colcon.colcon_core.package_discovery:discover_packages(path) using defaults
[0.900s] INFO:colcon.colcon_core.package_selection:Skipping not selected package 'sc_interfaces' in 'smart_cart_ws/src/sc_interfaces'
[0.900s] INFO:colcon.colcon_core.package_selection:Skipping not selected package 'sc_cpp' in 'smart_cart_ws/src/sc_cpp'
[0.900s] INFO:colcon.colcon_core.package_selection:Skipping not selected package 'sc_gui' in 'smart_cart_ws/src/sc_gui'
[0.900s] INFO:colcon.colcon_core.package_selection:Skipping not selected package 'sc_bringup' in 'smart_cart_ws/src/sc_bringup'
[0.901s] Level 1:colcon.colcon_core.package_discovery:discover_packages(prefix_path) check parameters
[0.901s] Level 1:colcon.colcon_core.package_discovery:discover_packages(prefix_path) discover
[0.906s] DEBUG:colcon.colcon_installed_package_information.package_discovery:Found 16 installed packages in /home/hsc/turtlebot3_ws/install
[0.907s] DEBUG:colcon.colcon_installed_package_information.package_discovery:Found 2 installed packages in /home/hsc/ros2_study/install
[0.908s] DEBUG:colcon.colcon_installed_package_information.package_discovery:Found 457 installed packages in /opt/ros/humble
[0.911s] Level 1:colcon.colcon_core.package_discovery:discover_packages(prefix_path) using defaults
[0.990s] Level 5:colcon.colcon_core.verb:set package 'sc_python' build argument 'cmake_args' from command line to 'None'
[0.990s] Level 5:colcon.colcon_core.verb:set package 'sc_python' build argument 'cmake_target' from command line to 'None'
[0.990s] Level 5:colcon.colcon_core.verb:set package 'sc_python' build argument 'cmake_target_skip_unavailable' from command line to 'False'
[0.990s] Level 5:colcon.colcon_core.verb:set package 'sc_python' build argument 'cmake_clean_cache' from command line to 'False'
[0.990s] Level 5:colcon.colcon_core.verb:set package 'sc_python' build argument 'cmake_clean_first' from command line to 'False'
[0.990s] Level 5:colcon.colcon_core.verb:set package 'sc_python' build argument 'cmake_force_configure' from command line to 'False'
[0.990s] Level 5:colcon.colcon_core.verb:set package 'sc_python' build argument 'ament_cmake_args' from command line to 'None'
[0.990s] Level 5:colcon.colcon_core.verb:set package 'sc_python' build argument 'catkin_cmake_args' from command line to 'None'
[0.990s] Level 5:colcon.colcon_core.verb:set package 'sc_python' build argument 'catkin_skip_building_tests' from command line to 'False'
[0.991s] DEBUG:colcon.colcon_core.verb:Building package 'sc_python' with the following arguments: {'ament_cmake_args': None, 'build_base': '/home/hsc/smart_cart_ws/build/sc_python', 'catkin_cmake_args': None, 'catkin_skip_building_tests': False, 'cmake_args': None, 'cmake_clean_cache': False, 'cmake_clean_first': False, 'cmake_force_configure': False, 'cmake_target': None, 'cmake_target_skip_unavailable': False, 'install_base': '/home/hsc/smart_cart_ws/install/sc_python', 'merge_install': False, 'path': '/home/hsc/smart_cart_ws/smart_cart_ws/src/sc_python', 'symlink_install': False, 'test_result_base': None}
[0.991s] INFO:colcon.colcon_core.executor:Executing jobs using 'parallel' executor
[0.992s] DEBUG:colcon.colcon_parallel_executor.executor.parallel:run_until_complete
[0.992s] INFO:colcon.colcon_ros.task.ament_python.build:Building ROS package in '/home/hsc/smart_cart_ws/smart_cart_ws/src/sc_python' with build type 'ament_python'
[0.992s] Level 1:colcon.colcon_core.shell:create_environment_hook('sc_python', 'ament_prefix_path')
[0.999s] INFO:colcon.colcon_core.plugin_system:Skipping extension 'colcon_core.shell.bat': Not used on non-Windows systems
[0.999s] INFO:colcon.colcon_core.shell:Creating environment hook '/home/hsc/smart_cart_ws/install/sc_python/share/sc_python/hook/ament_prefix_path.ps1'
[1.002s] INFO:colcon.colcon_core.shell:Creating environment descriptor '/home/hsc/smart_cart_ws/install/sc_python/share/sc_python/hook/ament_prefix_path.dsv'
[1.003s] INFO:colcon.colcon_core.shell:Creating environment hook '/home/hsc/smart_cart_ws/install/sc_python/share/sc_python/hook/ament_prefix_path.sh'
[1.004s] INFO:colcon.colcon_core.shell:Skip shell extension 'powershell' for command environment: Not usable outside of PowerShell
[1.004s] DEBUG:colcon.colcon_core.shell:Skip shell extension 'dsv' for command environment
[1.007s] ERROR:colcon.colcon_ros.task.ament_python.build:Failed to find the following files:
- /home/hsc/smart_cart_ws/install/sc_interfaces/share/sc_interfaces/package.sh
Check that the following packages have been built:
- sc_interfaces
[1.017s] DEBUG:colcon.colcon_parallel_executor.executor.parallel:closing loop
[1.018s] DEBUG:colcon.colcon_parallel_executor.executor.parallel:loop closed
[1.018s] DEBUG:colcon.colcon_parallel_executor.executor.parallel:run_until_complete finished with '1'
[1.018s] DEBUG:colcon.colcon_core.event_reactor:joining thread
[1.056s] INFO:colcon.colcon_core.plugin_system:Skipping extension 'colcon_notification.desktop_notification.notify_send': Could not find 'notify-send'
[1.056s] INFO:colcon.colcon_core.plugin_system:Skipping extension 'colcon_notification.desktop_notification.terminal_notifier': Not used on non-Darwin systems
[1.056s] INFO:colcon.colcon_core.plugin_system:Skipping extension 'colcon_notification.desktop_notification.win32': Not used on non-Windows systems
[1.056s] INFO:colcon.colcon_notification.desktop_notification:Sending desktop notification using 'notify2'
[1.128s] DEBUG:colcon.colcon_notification.desktop_notification.notify2:Failed to initialize notify2: org.freedesktop.DBus.Error.ServiceUnknown: The name org.freedesktop.Notifications was not provided by any .service files
[1.129s] DEBUG:colcon.colcon_core.event_reactor:joined thread
[1.129s] INFO:colcon.colcon_core.shell:Creating prefix script '/home/hsc/smart_cart_ws/install/local_setup.ps1'
[1.131s] INFO:colcon.colcon_core.shell:Creating prefix util module '/home/hsc/smart_cart_ws/install/_local_setup_util_ps1.py'
[1.132s] INFO:colcon.colcon_core.shell:Creating prefix chain script '/home/hsc/smart_cart_ws/install/setup.ps1'
[1.134s] INFO:colcon.colcon_core.shell:Creating prefix script '/home/hsc/smart_cart_ws/install/local_setup.sh'
[1.135s] INFO:colcon.colcon_core.shell:Creating prefix util module '/home/hsc/smart_cart_ws/install/_local_setup_util_sh.py'
[1.135s] INFO:colcon.colcon_core.shell:Creating prefix chain script '/home/hsc/smart_cart_ws/install/setup.sh'
[1.137s] INFO:colcon.colcon_core.shell:Creating prefix script '/home/hsc/smart_cart_ws/install/local_setup.bash'
[1.138s] INFO:colcon.colcon_core.shell:Creating prefix chain script '/home/hsc/smart_cart_ws/install/setup.bash'
[1.139s] INFO:colcon.colcon_core.shell:Creating prefix script '/home/hsc/smart_cart_ws/install/local_setup.zsh'
[1.141s] INFO:colcon.colcon_core.shell:Creating prefix chain script '/home/hsc/smart_cart_ws/install/setup.zsh'
